<?xml version="1.0" encoding="UTF-8"?>
<testng-results skipped="0" failed="0" ignored="0" total="1" passed="1">
  <reporter-output>
  </reporter-output>
  <suite name="Default suite" duration-ms="760" started-at="2023-09-25T22:36:36Z" finished-at="2023-09-25T22:36:37Z">
    <groups>
      <group name="cucumber">
        <method signature="AbstractTestNGCucumberTests.runScenario(cucumber.api.testng.PickleEventWrapper, cucumber.api.testng.CucumberFeatureWrapper)[pri:0, instance:testRunner.Runner@3fee9989]" name="runScenario" class="cucumber.api.testng.AbstractTestNGCucumberTests"/>
      </group> <!-- cucumber -->
    </groups>
    <test name="Default test" duration-ms="760" started-at="2023-09-25T22:36:36Z" finished-at="2023-09-25T22:36:37Z">
      <class name="testRunner.Runner">
        <test-method status="PASS" signature="setUpClass()[pri:0, instance:testRunner.Runner@3fee9989]" name="setUpClass" is-config="true" duration-ms="324" started-at="2023-09-25T22:36:36Z" finished-at="2023-09-25T22:36:36Z">
          <reporter-output>
          </reporter-output>
        </test-method> <!-- setUpClass -->
        <test-method status="PASS" signature="runScenario(cucumber.api.testng.PickleEventWrapper, cucumber.api.testng.CucumberFeatureWrapper)[pri:0, instance:testRunner.Runner@3fee9989]" name="runScenario" duration-ms="156" started-at="2023-09-25T22:36:36Z" description="Runs Cucumber Scenarios" data-provider="scenarios" finished-at="2023-09-25T22:36:37Z">
          <params>
            <param index="0">
              <value>
                <![CDATA["Login should be success"]]>
              </value>
            </param>
            <param index="1">
              <value>
                <![CDATA["Bookcart Application Test"]]>
              </value>
            </param>
          </params>
          <reporter-output>
          </reporter-output>
        </test-method> <!-- runScenario -->
        <test-method status="PASS" signature="tearDownClass()[pri:0, instance:testRunner.Runner@3fee9989]" name="tearDownClass" is-config="true" duration-ms="250" started-at="2023-09-25T22:36:37Z" finished-at="2023-09-25T22:36:37Z">
          <reporter-output>
          </reporter-output>
        </test-method> <!-- tearDownClass -->
      </class> <!-- testRunner.Runner -->
    </test> <!-- Default test -->
  </suite> <!-- Default suite -->
</testng-results>
